<?xml version="1.0" encoding="UTF-8"?>
<!-- Generated by org.testng.reporters.JUnitXMLReporter -->
<testsuite hostname="MacBook.local" ignored="0" name="Default test" tests="3" failures="0" timestamp="02 May 2017 09:51:48 GMT" time="18.784" errors="0">
  <testcase name="LoanPaymentButtonTest" time="4.599" classname="Tests.Sprint1.VerifyFunds_LoanPayment_Reject"/>
  <testcase name="RejectNoTest" time="2.266" classname="Tests.Sprint1.VerifyFunds_LoanPayment_Reject"/>
  <testcase name="RejectYesTest" time="11.802" classname="Tests.Sprint1.VerifyFunds_LoanPayment_Reject"/>
</testsuite> <!-- Default test -->
